<?xml version="1.0" encoding="UTF-8"?>
<testsuite name="com.utest.runners.RegisterUtest" tests="1" skipped="0" failures="0" errors="0" timestamp="2022-09-14T16:04:45" hostname="SQAMED-SQA4389" time="91.738">
  <properties/>
  <testcase name="open the page utest and register" classname="com.utest.runners.RegisterUtest" time="91.738"/>
  <system-out><![CDATA[11:04:45.627 [Test worker] INFO  i.c.core.plugin.SerenityReporter - Running feature from file:///C:/Users/Usuario/IdeaProjects/Retos%20Campus/Fabian%20Reyes/src/test/resources/features/registerUtest.feature
11:04:45.766 [Test worker] INFO   - 

-------------------------------------------------------------------------------------
     _______. _______ .______       _______ .__   __.  __  .___________.____    ____ 
    /       ||   ____||   _  \     |   ____||  \ |  | |  | |           |\   \  /   / 
   |   (----`|  |__   |  |_)  |    |  |__   |   \|  | |  | `---|  |----` \   \/   /  
    \   \    |   __|  |      /     |   __|  |  . `  | |  |     |  |       \_    _/   
.----)   |   |  |____ |  |\  \----.|  |____ |  |\   | |  |     |  |         |  |     
|_______/    |_______|| _| `._____||_______||__| \__| |__|     |__|         |__|    
                                                                                     
 News and tutorials at http://www.serenity-bdd.info                                  
 Documentation at https://wakaleo.gitbooks.io/the-serenity-book/content/             
 Join the Serenity Community on Gitter: https://gitter.im/serenity-bdd/serenity-core 
 Serenity BDD Support and Training at http://serenity-bdd.info/#/trainingandsupport  
-------------------------------------------------------------------------------------

11:04:45.779 [Test worker] INFO   - Test Suite Started: register on utest
11:04:45.825 [Test worker] INFO  i.c.core.plugin.SerenityReporter - Running feature from file:///C:/Users/Usuario/IdeaProjects/Retos%20Campus/Fabian%20Reyes/src/test/resources/features/registerUtest.feature
11:04:45.842 [Test worker] INFO   - Test Suite Started: register on utest

Scenario: open the page utest and register                                   ?[90m# src/test/resources/features/registerUtest.feature:3?[0m
11:04:46.068 [Test worker] INFO  i.c.core.plugin.SerenityReporter - Running feature from file:///C:/Users/Usuario/IdeaProjects/Retos%20Campus/Fabian%20Reyes/src/test/resources/features/registerUtest.feature
11:04:46.105 [Test worker] INFO   - 
  _____   ___   ___   _____     ___   _____     _     ___   _____   ___   ___  
 |_   _| | __| / __| |_   _|   / __| |_   _|   /_\   | _ \ |_   _| | __| |   \ 
   | |   | _|  \__ \   | |     \__ \   | |    / _ \  |   /   | |   | _|  | |) |
   |_|   |___| |___/   |_|     |___/   |_|   /_/ \_\ |_|_\   |_|   |___| |___/ 

open the page utest and register(register-on-utest;open-the-page-utest-and-register)
--------------------------------------------------------------------------------
11:04:47.147 [Test worker] INFO  n.s.c.w.d.ChromeDriverProvider - Using automatically driver download
11:04:50.602 [Test worker] INFO  i.g.bonigarcia.wdm.WebDriverManager - Using chromedriver 105.0.5195.52 (resolved driver for Chrome 105)
11:04:50.637 [Test worker] INFO  i.g.bonigarcia.wdm.WebDriverManager - Exporting webdriver.chrome.driver as C:\Users\Usuario\.cache\selenium\chromedriver\win32\105.0.5195.52\chromedriver.exe
  ?[32mGiven ?[0m?[32mthat the ?[0m?[32m?[1m'user'?[0m?[32m accesses the Utest page?[0m                              ?[90m# com.utest.stepdefinitions.RegisterUtestStepDefinitions.thatTheAccessesTheUtestPage(java.lang.String)?[0m
  ?[32mWhen ?[0m?[32mthe user performs the registration process?[0m                            ?[90m# com.utest.stepdefinitions.RegisterUtestStepDefinitions.theUserPerformsTheRegistrationProcess()?[0m
  ?[32mThen ?[0m?[32mregistration is successfully asserted with the Complete setup button.?[0m ?[90m# com.utest.stepdefinitions.RegisterUtestStepDefinitions.registrationIsSuccessfullyAssertedWithTheCompleteSetupButton()?[0m
11:06:16.102 [Test worker] INFO   - 
  _____   ___   ___   _____     ___     _     ___   ___   ___   ___  
 |_   _| | __| / __| |_   _|   | _ \   /_\   / __| / __| | __| |   \ 
   | |   | _|  \__ \   | |     |  _/  / _ \  \__ \ \__ \ | _|  | |) |
   |_|   |___| |___/   |_|     |_|   /_/ \_\ |___/ |___/ |___| |___/ 

open the page utest and register
----------------------------------------------------------------------
]]></system-out>
  <system-err><![CDATA[Starting ChromeDriver 105.0.5195.52 (412c95e518836d8a7d97250d62b29c2ae6a26a85-refs/branch-heads/5195@{#853}) on port 65361
Only local connections are allowed.
Please see https://chromedriver.chromium.org/security-considerations for suggestions on keeping ChromeDriver safe.
ChromeDriver was started successfully.
sep 14, 2022 11:04:55 AM org.openqa.selenium.remote.ProtocolHandshake createSession
INFORMACIÓN: Detected dialect: W3C
sep 14, 2022 11:04:55 AM org.openqa.selenium.devtools.CdpVersionFinder findNearestMatch
ADVERTENCIA: Unable to find an exact match for CDP version 105, so returning the closest version found: a no-op implementation
sep 14, 2022 11:04:55 AM org.openqa.selenium.devtools.CdpVersionFinder findNearestMatch
INFORMACIÓN: Unable to find CDP implementation matching 105.
sep 14, 2022 11:04:55 AM org.openqa.selenium.chromium.ChromiumDriver lambda$new$3
ADVERTENCIA: Unable to find version of CDP to use for . You may need to include a dependency on a specific version of the CDP using something similar to `org.seleniumhq.selenium:selenium-devtools-v86:4.1.2` where the version ("v86") matches the version of the chromium-based browser you're using and the version number of the artifact is the same as Selenium's.
Cleaning up unclosed ZipFile for archive C:\Users\Usuario\IdeaProjects\Retos Campus\Fabian Reyes\src\test\resources\documents\Data.xlsx
Cleaning up unclosed ZipFile for archive C:\Users\Usuario\IdeaProjects\Retos Campus\Fabian Reyes\src\test\resources\documents\Data.xlsx
Cleaning up unclosed ZipFile for archive C:\Users\Usuario\IdeaProjects\Retos Campus\Fabian Reyes\src\test\resources\documents\Data.xlsx
Cleaning up unclosed ZipFile for archive C:\Users\Usuario\IdeaProjects\Retos Campus\Fabian Reyes\src\test\resources\documents\Data.xlsx
]]></system-err>
</testsuite>
