<?xml version="1.0" encoding="UTF-8"?>
<testsuite name="registro de un usuario en AdvantajeDemo" tests="1" skipped="0" failures="0" errors="0" timestamp="2022-09-28T14:43:12" hostname="SQAMED-SQA4389" time="43.634">
  <properties/>
  <testcase name="EMPTY_NAME" classname="registro de un usuario en AdvantajeDemo" time="43.634"/>
  <system-out><![CDATA[]]></system-out>
  <system-err><![CDATA[Starting ChromeDriver 105.0.5195.52 (412c95e518836d8a7d97250d62b29c2ae6a26a85-refs/branch-heads/5195@{#853}) on port 38529
Only local connections are allowed.
Please see https://chromedriver.chromium.org/security-considerations for suggestions on keeping ChromeDriver safe.
ChromeDriver was started successfully.
[1664376196.985][WARNING]: This version of ChromeDriver has not been tested with Chrome version 106.
Sep 28, 2022 9:43:17 AM org.openqa.selenium.remote.ProtocolHandshake createSession
INFO: Detected dialect: W3C
[Test worker] INFO net.thucydides.core.steps.ConsoleLoggingListener - 
        __    _____ _____ ____ _____   ____   _    ____  ____  _____ ____  
  _     \ \  |_   _| ____/ ___|_   _| |  _ \ / \  / ___|/ ___|| ____|  _ \ 
 (_)_____| |   | | |  _| \___ \ | |   | |_) / _ \ \___ \\___ \|  _| | | | |
  _|_____| |   | | | |___ ___) || |   |  __/ ___ \ ___) |___) | |___| |_| |
 (_)     | |   |_| |_____|____/ |_|   |_| /_/   \_\____/|____/|_____|____/ 
        /_/                                                                

TEST PASSED: 
----------------------------------------------------------------------------
]]></system-err>
</testsuite>
